#
# A fatal error has been detected by the Java Runtime Environment:
#
#  EXCEPTION_ACCESS_VIOLATION (0xc0000005) at pc=0x00007ffb5478e996, pid=4028, tid=7892
#
# JRE version: Java(TM) SE Runtime Environment (17.0.8+9) (build 17.0.8+9-LTS-211)
# Java VM: Java HotSpot(TM) 64-Bit Server VM (17.0.8+9-LTS-211, mixed mode, emulated-client, sharing, tiered, compressed oops, compressed class ptrs, g1 gc, windows-amd64)
# Problematic frame:
# V  [jvm.dll+0x1ae996]
#
# No core dump will be written. Minidumps are not enabled by default on client versions of Windows
#
# If you would like to submit a bug report, please visit:
#   https://bugreport.java.com/bugreport/crash.jsp
#

---------------  S U M M A R Y ------------

Command Line: -XX:TieredStopAtLevel=1 -Dspring.output.ansi.enabled=always -Dcom.sun.management.jmxremote -Dspring.jmx.enabled=true -Dspring.liveBeansView.mbeanDomain -Dspring.application.admin.enabled=true -Dmanagement.endpoints.jmx.exposure.include=* -javaagent:C:\Program Files\JetBrains\IntelliJ IDEA 2023.2.5\lib\idea_rt.jar=59095:C:\Program Files\JetBrains\IntelliJ IDEA 2023.2.5\bin -Dfile.encoding=UTF-8 com.example.taba.TabaApplication

Host: Intel(R) Core(TM) i7-10510U CPU @ 1.80GHz, 8 cores, 15G,  Windows 10 , 64 bit Build 19041 (10.0.19041.3570)
Time: Tue Dec  5 11:10:05 2023  Windows 10 , 64 bit Build 19041 (10.0.19041.3570) elapsed time: 3.182002 seconds (0d 0h 0m 3s)

---------------  T H R E A D  ---------------

Current thread (0x0000014da83bf7e0):  ConcurrentGCThread "G1 Conc#0" [stack: 0x00000012b0e00000,0x00000012b0f00000] [id=7892]

Stack: [0x00000012b0e00000,0x00000012b0f00000],  sp=0x00000012b0eff948,  free space=1022k
Native frames: (J=compiled Java code, j=interpreted, Vv=VM code, C=native code)
V  [jvm.dll+0x1ae996]


siginfo: EXCEPTION_ACCESS_VIOLATION (0xc0000005), reading address 0x0000014dc3006b20


Register to memory mapping:

RIP=0x00007ffb5478e996 jvm.dll
RAX=0x4a88490000000000 is an unknown value
RBX=0x0000014da83adf01 points into unknown readable memory: 00 00 00 00 00 00 00
RCX=
[error occurred during error reporting (printing register info), id 0xc0000005, EXCEPTION_ACCESS_VIOLATION (0xc0000005) at pc=0x00007ffb548b183d]

Registers:
RAX=0x4a88490000000000, RBX=0x0000014da83adf01, RCX=0x0000000703529400, RDX=0x0000000703529400
RSP=0x00000012b0eff948, RBP=0x0000000000000001, RSI=0x0000014da83adfe0, RDI=0x0000000703529400
R8 =0x0000014db44dca50, R9 =0x0000014dc3006b18, R10=0x0000014da83adfe0, R11=0x0000000000000003
R12=0x0000000000000000, R13=0xaaaaaaaaaaaaaaab, R14=0x0000014dc010daa0, R15=0x0000000703528b30
RIP=0x00007ffb5478e996, EFLAGS=0x0000000000010206

Top of Stack: (sp=0x00000012b0eff948)
0x00000012b0eff948:   00007ffb548b4c8d 0000000000000000
0x00000012b0eff958:   00007ffb548b4bf9 01da2720280954a7
0x00000012b0eff968:   00007ffb548b4bf9 0000000703529400
0x00000012b0eff978:   00007ffb548b4a8d 0000014da83c76e0
0x00000012b0eff988:   00000012b0effb40 0000014dc010da98
0x00000012b0eff998:   00000012b0effb40 0000000703528b78
0x00000012b0eff9a8:   00007ffb548b2b5d 0000000703528b60
0x00000012b0eff9b8:   00007ffb548b301d 000000070352d3cc
0x00000012b0eff9c8:   00007ffb548b2b5d 00000012b0effb00
0x00000012b0eff9d8:   0000000000000000 0000000703528b30
0x00000012b0eff9e8:   00007ffb548b27a1 0000014dc010d898
0x00000012b0eff9f8:   0000000000000009 00000012b0effb40
0x00000012b0effa08:   00007ffb548b27a1 0000000703528b30
0x00000012b0effa18:   00007ffb548c5cde 0000014da83c76e0
0x00000012b0effa28:   0000000000000040 0000000000000047
0x00000012b0effa38:   00007ffb548c81d4 0000000000000001 

Instructions: (pc=0x00007ffb5478e996)
0x00007ffb5478e896:   20 0f 11 86 f0 02 00 00 48 8b 5c 24 40 48 8b 74
0x00007ffb5478e8a6:   24 48 48 83 c4 30 5f c3 48 8b 07 48 8d 54 24 20
0x00007ffb5478e8b6:   48 8b cf ff 50 38 48 8b 5c 24 40 48 8b 74 24 48
0x00007ffb5478e8c6:   48 83 c4 30 5f c3 cc cc cc cc 48 89 5c 24 08 57
0x00007ffb5478e8d6:   48 83 ec 30 48 8b 02 48 8b f9 48 8b ca 48 8b da
0x00007ffb5478e8e6:   ff 50 38 84 c0 74 48 0f 10 83 f0 02 00 00 66 0f
0x00007ffb5478e8f6:   73 d8 08 66 48 0f 7e c0 48 85 c0 74 32 0f 10 83
0x00007ffb5478e906:   f0 02 00 00 48 8b 07 48 8d 54 24 20 48 8b cf 0f
0x00007ffb5478e916:   29 44 24 20 ff 50 40 33 c0 48 89 44 24 20 48 89
0x00007ffb5478e926:   44 24 28 0f 28 44 24 20 0f 11 83 f0 02 00 00 48
0x00007ffb5478e936:   8b 5c 24 40 48 83 c4 30 5f c3 48 8b 49 40 48 8b
0x00007ffb5478e946:   01 48 ff 60 28 cc cc cc cc cc 80 3d 4d 84 95 00
0x00007ffb5478e956:   00 48 8b c1 74 1b 8b 51 08 8b 0d 63 09 8f 00 48
0x00007ffb5478e966:   d3 e2 48 8b c8 48 03 15 4e 09 8f 00 e9 19 00 00
0x00007ffb5478e976:   00 48 8b 51 08 48 8b c8 e9 0d 00 00 00 cc cc cc
0x00007ffb5478e986:   cc cc cc cc cc cc cc cc cc cc 4c 8b ca 48 8b d1
0x00007ffb5478e996:   45 8b 41 08 45 85 c0 7e 0e 41 f6 c0 01 75 56 41
0x00007ffb5478e9a6:   c1 f8 03 41 8b c0 c3 79 4c 80 3d ee 83 95 00 00
0x00007ffb5478e9b6:   b8 0c 00 00 00 b9 10 00 00 00 0f 45 c8 8b 05 1b
0x00007ffb5478e9c6:   18 8f 00 ff c8 4c 63 c8 48 63 14 11 41 8b c8 83
0x00007ffb5478e9d6:   e1 3f 48 d3 e2 41 8b c8 48 c1 f9 10 0f b6 c1 49
0x00007ffb5478e9e6:   8d 0c 11 49 f7 d1 48 03 c1 49 c1 e9 03 48 c1 e8
0x00007ffb5478e9f6:   03 41 23 c1 c3 49 8b 01 49 8b c9 48 ff a0 00 01
0x00007ffb5478ea06:   00 00 cc cc cc cc cc cc cc cc 48 83 ec 38 0f 10
0x00007ffb5478ea16:   02 48 8b 49 40 48 8d 54 24 20 0f 29 44 24 20 e8
0x00007ffb5478ea26:   66 f2 ff ff 48 83 c4 38 c3 cc 48 83 ec 38 0f 10
0x00007ffb5478ea36:   02 48 8b 01 48 8d 54 24 20 0f 29 44 24 20 ff 50
0x00007ffb5478ea46:   38 48 83 c4 38 c3 cc cc cc cc 48 89 5c 24 08 55
0x00007ffb5478ea56:   56 57 41 54 41 55 41 56 41 57 48 8d 6c 24 e0 48
0x00007ffb5478ea66:   81 ec 20 01 00 00 48 8b 05 cd 06 92 00 48 33 c4
0x00007ffb5478ea76:   48 89 45 10 48 8b 05 cf 7a 94 00 45 33 ed 4c 8b
0x00007ffb5478ea86:   b5 80 00 00 00 4c 8b fa 48 8b bd 88 00 00 00 4d 


Stack slot to memory mapping:
stack at sp + 0 slots: 0x00007ffb548b4c8d jvm.dll
stack at sp + 1 slots: 0x0 is NULL
stack at sp + 2 slots: 0x00007ffb548b4bf9 jvm.dll
stack at sp + 3 slots: 0x01da2720280954a7 is an unknown value
stack at sp + 4 slots: 0x00007ffb548b4bf9 jvm.dll
stack at sp + 5 slots: 
[error occurred during error reporting (inspecting top of stack), id 0xc0000005, EXCEPTION_ACCESS_VIOLATION (0xc0000005) at pc=0x00007ffb548b183d]


---------------  P R O C E S S  ---------------

Threads class SMR info:
_java_thread_list=0x0000014e059d4c60, length=36, elements={
0x0000014dbee47360, 0x0000014dbee4a1e0, 0x0000014dbee5e330, 0x0000014dbee610b0,
0x0000014dbee67290, 0x0000014dbee68670, 0x0000014dbee69a40, 0x0000014e04002840,
0x0000014e0406c9c0, 0x0000014dbee30e90, 0x0000014e043fdff0, 0x0000014e04444a30,
0x0000014e045ce5f0, 0x0000014e045ceb00, 0x0000014e046d6ab0, 0x0000014e0537f660,
0x0000014e05382610, 0x0000014e059fc020, 0x0000014e059ffa90, 0x0000014e0560d440,
0x0000014e05b5e220, 0x0000014e05b5f090, 0x0000014e05b5d880, 0x0000014e05b5dd50,
0x0000014e05b5e6f0, 0x0000014e05b5cee0, 0x0000014e05b5d3b0, 0x0000014e05b5c540,
0x0000014e05b5f560, 0x0000014e05b5ebc0, 0x0000014e05b5fa30, 0x0000014e05b5c070,
0x0000014e05b5ca10, 0x0000014e05c22100, 0x0000014e05c22aa0, 0x0000014e05c29950
}

Java Threads: ( => current thread )
  0x0000014dbee47360 JavaThread "Reference Handler" daemon [_thread_blocked, id=4484, stack(0x00000012b1200000,0x00000012b1300000)]
  0x0000014dbee4a1e0 JavaThread "Finalizer" daemon [_thread_blocked, id=4992, stack(0x00000012b1300000,0x00000012b1400000)]
  0x0000014dbee5e330 JavaThread "Signal Dispatcher" daemon [_thread_blocked, id=13728, stack(0x00000012b1400000,0x00000012b1500000)]
  0x0000014dbee610b0 JavaThread "Attach Listener" daemon [_thread_blocked, id=5372, stack(0x00000012b1500000,0x00000012b1600000)]
  0x0000014dbee67290 JavaThread "Service Thread" daemon [_thread_blocked, id=4044, stack(0x00000012b1600000,0x00000012b1700000)]
  0x0000014dbee68670 JavaThread "Monitor Deflation Thread" daemon [_thread_blocked, id=11280, stack(0x00000012b1700000,0x00000012b1800000)]
  0x0000014dbee69a40 JavaThread "C1 CompilerThread0" daemon [_thread_blocked, id=6816, stack(0x00000012b1800000,0x00000012b1900000)]
  0x0000014e04002840 JavaThread "Sweeper thread" daemon [_thread_blocked, id=3576, stack(0x00000012b1900000,0x00000012b1a00000)]
  0x0000014e0406c9c0 JavaThread "Common-Cleaner" daemon [_thread_blocked, id=14680, stack(0x00000012b1a00000,0x00000012b1b00000)]
  0x0000014dbee30e90 JavaThread "C1 CompilerThread1" daemon [_thread_blocked, id=14532, stack(0x00000012b1b00000,0x00000012b1c00000)]
  0x0000014e043fdff0 JavaThread "Monitor Ctrl-Break" daemon [_thread_in_native, id=10252, stack(0x00000012b1c00000,0x00000012b1d00000)]
  0x0000014e04444a30 JavaThread "Notification Thread" daemon [_thread_blocked, id=8840, stack(0x00000012b1d00000,0x00000012b1e00000)]
  0x0000014e045ce5f0 JavaThread "C1 CompilerThread2" daemon [_thread_blocked, id=8728, stack(0x00000012b1e00000,0x00000012b1f00000)]
  0x0000014e045ceb00 JavaThread "C1 CompilerThread3" daemon [_thread_blocked, id=15256, stack(0x00000012b1f00000,0x00000012b2000000)]
  0x0000014e046d6ab0 JavaThread "RMI TCP Accept-0" daemon [_thread_in_native, id=1356, stack(0x00000012b2000000,0x00000012b2100000)]
  0x0000014e0537f660 JavaThread "RMI TCP Connection(1)-192.168.56.1" daemon [_thread_in_native, id=4532, stack(0x00000012b2b00000,0x00000012b2c00000)]
  0x0000014e05382610 JavaThread "RMI Scheduler(0)" daemon [_thread_blocked, id=5968, stack(0x00000012b2d00000,0x00000012b2e00000)]
  0x0000014e059fc020 JavaThread "Catalina-utility-1" [_thread_blocked, id=2880, stack(0x00000012b2f00000,0x00000012b3000000)]
  0x0000014e059ffa90 JavaThread "Catalina-utility-2" [_thread_blocked, id=1236, stack(0x00000012b3000000,0x00000012b3100000)]
  0x0000014e0560d440 JavaThread "container-0" [_thread_blocked, id=5072, stack(0x00000012b3100000,0x00000012b3200000)]
  0x0000014e05b5e220 JavaThread "File Watcher" daemon [_thread_blocked, id=14920, stack(0x00000012b3200000,0x00000012b3300000)]
  0x0000014e05b5f090 JavaThread "Live Reload Server" daemon [_thread_in_native, id=10324, stack(0x00000012b3400000,0x00000012b3500000)]
  0x0000014e05b5d880 JavaThread "http-nio-8080-exec-1" daemon [_thread_blocked, id=13752, stack(0x00000012b3300000,0x00000012b3400000)]
  0x0000014e05b5dd50 JavaThread "http-nio-8080-exec-2" daemon [_thread_blocked, id=13828, stack(0x00000012b3500000,0x00000012b3600000)]
  0x0000014e05b5e6f0 JavaThread "http-nio-8080-exec-3" daemon [_thread_blocked, id=9292, stack(0x00000012b3600000,0x00000012b3700000)]
  0x0000014e05b5cee0 JavaThread "http-nio-8080-exec-4" daemon [_thread_blocked, id=2692, stack(0x00000012b3700000,0x00000012b3800000)]
  0x0000014e05b5d3b0 JavaThread "http-nio-8080-exec-5" daemon [_thread_blocked, id=2404, stack(0x00000012b3800000,0x00000012b3900000)]
  0x0000014e05b5c540 JavaThread "http-nio-8080-exec-6" daemon [_thread_blocked, id=3052, stack(0x00000012b3900000,0x00000012b3a00000)]
  0x0000014e05b5f560 JavaThread "http-nio-8080-exec-7" daemon [_thread_blocked, id=13152, stack(0x00000012b3a00000,0x00000012b3b00000)]
  0x0000014e05b5ebc0 JavaThread "http-nio-8080-exec-8" daemon [_thread_blocked, id=11484, stack(0x00000012b3b00000,0x00000012b3c00000)]
  0x0000014e05b5fa30 JavaThread "http-nio-8080-exec-9" daemon [_thread_blocked, id=4128, stack(0x00000012b3c00000,0x00000012b3d00000)]
  0x0000014e05b5c070 JavaThread "http-nio-8080-exec-10" daemon [_thread_blocked, id=15068, stack(0x00000012b3d00000,0x00000012b3e00000)]
  0x0000014e05b5ca10 JavaThread "http-nio-8080-Poller" daemon [_thread_in_native, id=5948, stack(0x00000012b3e00000,0x00000012b3f00000)]
  0x0000014e05c22100 JavaThread "http-nio-8080-Acceptor" daemon [_thread_in_native, id=9796, stack(0x00000012b3f00000,0x00000012b4000000)]
  0x0000014e05c22aa0 JavaThread "DestroyJavaVM" [_thread_blocked, id=14816, stack(0x00000012b0b00000,0x00000012b0c00000)]
  0x0000014e05c29950 JavaThread "RMI TCP Connection(2)-192.168.56.1" daemon [_thread_in_native, id=10984, stack(0x00000012b2900000,0x00000012b2a00000)]

Other Threads:
  0x0000014dbee3d740 VMThread "VM Thread" [stack: 0x00000012b1100000,0x00000012b1200000] [id=12492]
  0x0000014da83c6630 WatcherThread [stack: 0x00000012b2100000,0x00000012b2200000] [id=7668]
  0x0000014da83ad9e0 GCTaskThread "GC Thread#0" [stack: 0x00000012b0c00000,0x00000012b0d00000] [id=32]
  0x0000014e049353d0 GCTaskThread "GC Thread#1" [stack: 0x00000012b2200000,0x00000012b2300000] [id=936]
  0x0000014e04913190 GCTaskThread "GC Thread#2" [stack: 0x00000012b2300000,0x00000012b2400000] [id=4136]
  0x0000014e04913440 GCTaskThread "GC Thread#3" [stack: 0x00000012b2400000,0x00000012b2500000] [id=3240]
  0x0000014e04941d20 GCTaskThread "GC Thread#4" [stack: 0x00000012b2500000,0x00000012b2600000] [id=13672]
  0x0000014e04941fd0 GCTaskThread "GC Thread#5" [stack: 0x00000012b2600000,0x00000012b2700000] [id=1228]
  0x0000014e0495fe10 GCTaskThread "GC Thread#6" [stack: 0x00000012b2700000,0x00000012b2800000] [id=4548]
  0x0000014e04ab9540 GCTaskThread "GC Thread#7" [stack: 0x00000012b2c00000,0x00000012b2d00000] [id=9660]
  0x0000014da83be630 ConcurrentGCThread "G1 Main Marker" [stack: 0x00000012b0d00000,0x00000012b0e00000] [id=5572]
=>0x0000014da83bf7e0 ConcurrentGCThread "G1 Conc#0" [stack: 0x00000012b0e00000,0x00000012b0f00000] [id=7892]
  0x0000014e054c5030 ConcurrentGCThread "G1 Conc#1" [stack: 0x00000012b2e00000,0x00000012b2f00000] [id=14904]
  0x0000014da840ec70 ConcurrentGCThread "G1 Refine#0" [stack: 0x00000012b0f00000,0x00000012b1000000] [id=14480]
  0x0000014e0494bc40 ConcurrentGCThread "G1 Refine#1" [stack: 0x00000012b2800000,0x00000012b2900000] [id=12256]
  0x0000014dbecfa850 ConcurrentGCThread "G1 Service" [stack: 0x00000012b1000000,0x00000012b1100000] [id=3896]

Threads with active compile tasks:

VM state: not at safepoint (normal execution)

VM Mutex/Monitor currently owned by a thread: None

Heap address: 0x0000000702e00000, size: 4050 MB, Compressed Oops mode: Zero based, Oop shift amount: 3

CDS archive(s) mapped at: [0x0000014dbf000000-0x0000014dbfbd0000-0x0000014dbfbd0000), size 12386304, SharedBaseAddress: 0x0000014dbf000000, ArchiveRelocationMode: 1.
Compressed class space mapped at: 0x0000014dc0000000-0x0000014e00000000, reserved size: 1073741824
Narrow klass base: 0x0000014dbf000000, Narrow klass shift: 0, Narrow klass range: 0x100000000

GC Precious Log:
 CPUs: 8 total, 8 available
 Memory: 16197M
 Large Page Support: Disabled
 NUMA Support: Disabled
 Compressed Oops: Enabled (Zero based)
 Heap Region Size: 2M
 Heap Min Capacity: 8M
 Heap Initial Capacity: 254M
 Heap Max Capacity: 4050M
 Pre-touch: Disabled
 Parallel Workers: 8
 Concurrent Workers: 2
 Concurrent Refinement Workers: 8
 Periodic GC: Disabled

Heap:
 garbage-first heap   total 155648K, used 19826K [0x0000000702e00000, 0x0000000800000000)
  region size 2048K, 3 young (6144K), 2 survivors (4096K)
 Metaspace       used 35471K, committed 36032K, reserved 1114112K
  class space    used 4837K, committed 5120K, reserved 1048576K

Heap Regions: E=young(eden), S=young(survivor), O=old, HS=humongous(starts), HC=humongous(continues), CS=collection set, F=free, OA=open archive, CA=closed archive, TAMS=top-at-mark-start (previous, next)
|   0|0x0000000702e00000, 0x0000000703000000, 0x0000000703000000|100%| O|  |TAMS 0x0000000703000000, 0x0000000703000000| Untracked 
|   1|0x0000000703000000, 0x0000000703200000, 0x0000000703200000|100%| O|  |TAMS 0x0000000703200000, 0x0000000703200000| Untracked 
|   2|0x0000000703200000, 0x00000007033df000, 0x0000000703400000| 93%| O|  |TAMS 0x00000007033df000, 0x00000007033df000| Untracked 
|   3|0x0000000703400000, 0x0000000703600000, 0x0000000703600000|100%| O|  |TAMS 0x0000000703400000, 0x0000000703600000| Untracked 
|   4|0x0000000703600000, 0x00000007037aa800, 0x0000000703800000| 83%| O|  |TAMS 0x0000000703600000, 0x00000007037aa800| Untracked 
|   5|0x0000000703800000, 0x0000000703800000, 0x0000000703a00000|  0%| F|  |TAMS 0x0000000703800000, 0x0000000703800000| Untracked 
|   6|0x0000000703a00000, 0x0000000703a00000, 0x0000000703c00000|  0%| F|  |TAMS 0x0000000703a00000, 0x0000000703a00000| Untracked 
|   7|0x0000000703c00000, 0x0000000703c00000, 0x0000000703e00000|  0%| F|  |TAMS 0x0000000703c00000, 0x0000000703c00000| Untracked 
|   8|0x0000000703e00000, 0x0000000703e00000, 0x0000000704000000|  0%| F|  |TAMS 0x0000000703e00000, 0x0000000703e00000| Untracked 
|   9|0x0000000704000000, 0x0000000704200000, 0x0000000704200000|100%| O|  |TAMS 0x0000000704000000, 0x0000000704200000| Untracked 
|  10|0x0000000704200000, 0x0000000704400000, 0x0000000704400000|100%| O|  |TAMS 0x0000000704200000, 0x0000000704400000| Untracked 
|  11|0x0000000704400000, 0x0000000704600000, 0x0000000704600000|100%| O|  |TAMS 0x0000000704400000, 0x0000000704600000| Untracked 
|  12|0x0000000704600000, 0x0000000704600000, 0x0000000704800000|  0%| F|  |TAMS 0x0000000704600000, 0x0000000704600000| Untracked 
|  13|0x0000000704800000, 0x0000000704800000, 0x0000000704a00000|  0%| F|  |TAMS 0x0000000704800000, 0x0000000704800000| Untracked 
|  14|0x0000000704a00000, 0x0000000704a00000, 0x0000000704c00000|  0%| F|  |TAMS 0x0000000704a00000, 0x0000000704a00000| Untracked 
|  15|0x0000000704c00000, 0x0000000704c00000, 0x0000000704e00000|  0%| F|  |TAMS 0x0000000704c00000, 0x0000000704c00000| Untracked 
|  16|0x0000000704e00000, 0x0000000704e00000, 0x0000000705000000|  0%| F|  |TAMS 0x0000000704e00000, 0x0000000704e00000| Untracked 
|  17|0x0000000705000000, 0x0000000705000000, 0x0000000705200000|  0%| F|  |TAMS 0x0000000705000000, 0x0000000705000000| Untracked 
|  18|0x0000000705200000, 0x0000000705200000, 0x0000000705400000|  0%| F|  |TAMS 0x0000000705200000, 0x0000000705200000| Untracked 
|  19|0x0000000705400000, 0x0000000705400000, 0x0000000705600000|  0%| F|  |TAMS 0x0000000705400000, 0x0000000705400000| Untracked 
|  20|0x0000000705600000, 0x0000000705600000, 0x0000000705800000|  0%| F|  |TAMS 0x0000000705600000, 0x0000000705600000| Untracked 
|  21|0x0000000705800000, 0x0000000705800000, 0x0000000705a00000|  0%| F|  |TAMS 0x0000000705800000, 0x0000000705800000| Untracked 
|  22|0x0000000705a00000, 0x0000000705a00000, 0x0000000705c00000|  0%| F|  |TAMS 0x0000000705a00000, 0x0000000705a00000| Untracked 
|  23|0x0000000705c00000, 0x0000000705c00000, 0x0000000705e00000|  0%| F|  |TAMS 0x0000000705c00000, 0x0000000705c00000| Untracked 
|  24|0x0000000705e00000, 0x0000000705e00000, 0x0000000706000000|  0%| F|  |TAMS 0x0000000705e00000, 0x0000000705e00000| Untracked 
|  25|0x0000000706000000, 0x0000000706000000, 0x0000000706200000|  0%| F|  |TAMS 0x0000000706000000, 0x0000000706000000| Untracked 
|  26|0x0000000706200000, 0x0000000706200000, 0x0000000706400000|  0%| F|  |TAMS 0x0000000706200000, 0x0000000706200000| Untracked 
|  27|0x0000000706400000, 0x0000000706400000, 0x0000000706600000|  0%| F|  |TAMS 0x0000000706400000, 0x0000000706400000| Untracked 
|  28|0x0000000706600000, 0x0000000706600000, 0x0000000706800000|  0%| F|  |TAMS 0x0000000706600000, 0x0000000706600000| Untracked 
|  29|0x0000000706800000, 0x0000000706800000, 0x0000000706a00000|  0%| F|  |TAMS 0x0000000706800000, 0x0000000706800000| Untracked 
|  30|0x0000000706a00000, 0x0000000706a00000, 0x0000000706c00000|  0%| F|  |TAMS 0x0000000706a00000, 0x0000000706a00000| Untracked 
|  31|0x0000000706c00000, 0x0000000706c00000, 0x0000000706e00000|  0%| F|  |TAMS 0x0000000706c00000, 0x0000000706c00000| Untracked 
|  32|0x0000000706e00000, 0x0000000706e00000, 0x0000000707000000|  0%| F|  |TAMS 0x0000000706e00000, 0x0000000706e00000| Untracked 
|  33|0x0000000707000000, 0x0000000707000000, 0x0000000707200000|  0%| F|  |TAMS 0x0000000707000000, 0x0000000707000000| Untracked 
|  34|0x0000000707200000, 0x0000000707200000, 0x0000000707400000|  0%| F|  |TAMS 0x0000000707200000, 0x0000000707200000| Untracked 
|  35|0x0000000707400000, 0x0000000707400000, 0x0000000707600000|  0%| F|  |TAMS 0x0000000707400000, 0x0000000707400000| Untracked 
|  36|0x0000000707600000, 0x0000000707600000, 0x0000000707800000|  0%| F|  |TAMS 0x0000000707600000, 0x0000000707600000| Untracked 
|  37|0x0000000707800000, 0x0000000707800000, 0x0000000707a00000|  0%| F|  |TAMS 0x0000000707800000, 0x0000000707800000| Untracked 
|  38|0x0000000707a00000, 0x0000000707a00000, 0x0000000707c00000|  0%| F|  |TAMS 0x0000000707a00000, 0x0000000707a00000| Untracked 
|  39|0x0000000707c00000, 0x0000000707c00000, 0x0000000707e00000|  0%| F|  |TAMS 0x0000000707c00000, 0x0000000707c00000| Untracked 
|  40|0x0000000707e00000, 0x0000000707e00000, 0x0000000708000000|  0%| F|  |TAMS 0x0000000707e00000, 0x0000000707e00000| Untracked 
|  41|0x0000000708000000, 0x0000000708000000, 0x0000000708200000|  0%| F|  |TAMS 0x0000000708000000, 0x0000000708000000| Untracked 
|  42|0x0000000708200000, 0x0000000708200000, 0x0000000708400000|  0%| F|  |TAMS 0x0000000708200000, 0x0000000708200000| Untracked 
|  43|0x0000000708400000, 0x0000000708400000, 0x0000000708600000|  0%| F|  |TAMS 0x0000000708400000, 0x0000000708400000| Untracked 
|  44|0x0000000708600000, 0x0000000708600000, 0x0000000708800000|  0%| F|  |TAMS 0x0000000708600000, 0x0000000708600000| Untracked 
|  45|0x0000000708800000, 0x0000000708800000, 0x0000000708a00000|  0%| F|  |TAMS 0x0000000708800000, 0x0000000708800000| Untracked 
|  46|0x0000000708a00000, 0x0000000708a00000, 0x0000000708c00000|  0%| F|  |TAMS 0x0000000708a00000, 0x0000000708a00000| Untracked 
|  47|0x0000000708c00000, 0x0000000708c00000, 0x0000000708e00000|  0%| F|  |TAMS 0x0000000708c00000, 0x0000000708c00000| Untracked 
|  48|0x0000000708e00000, 0x0000000708e00000, 0x0000000709000000|  0%| F|  |TAMS 0x0000000708e00000, 0x0000000708e00000| Untracked 
|  49|0x0000000709000000, 0x0000000709000000, 0x0000000709200000|  0%| F|  |TAMS 0x0000000709000000, 0x0000000709000000| Untracked 
|  50|0x0000000709200000, 0x0000000709200000, 0x0000000709400000|  0%| F|  |TAMS 0x0000000709200000, 0x0000000709200000| Untracked 
|  51|0x0000000709400000, 0x0000000709400000, 0x0000000709600000|  0%| F|  |TAMS 0x0000000709400000, 0x0000000709400000| Untracked 
|  52|0x0000000709600000, 0x0000000709600000, 0x0000000709800000|  0%| F|  |TAMS 0x0000000709600000, 0x0000000709600000| Untracked 
|  53|0x0000000709800000, 0x0000000709800000, 0x0000000709a00000|  0%| F|  |TAMS 0x0000000709800000, 0x0000000709800000| Untracked 
|  54|0x0000000709a00000, 0x0000000709a00000, 0x0000000709c00000|  0%| F|  |TAMS 0x0000000709a00000, 0x0000000709a00000| Untracked 
|  55|0x0000000709c00000, 0x0000000709c00000, 0x0000000709e00000|  0%| F|  |TAMS 0x0000000709c00000, 0x0000000709c00000| Untracked 
|  56|0x0000000709e00000, 0x0000000709e00000, 0x000000070a000000|  0%| F|  |TAMS 0x0000000709e00000, 0x0000000709e00000| Untracked 
|  57|0x000000070a000000, 0x000000070a000000, 0x000000070a200000|  0%| F|  |TAMS 0x000000070a000000, 0x000000070a000000| Untracked 
|  58|0x000000070a200000, 0x000000070a3d33b0, 0x000000070a400000| 91%| S|CS|TAMS 0x000000070a200000, 0x000000070a200000| Complete 
|  59|0x000000070a400000, 0x000000070a600000, 0x000000070a600000|100%| S|CS|TAMS 0x000000070a400000, 0x000000070a400000| Complete 
|  60|0x000000070a600000, 0x000000070a600000, 0x000000070a800000|  0%| F|  |TAMS 0x000000070a600000, 0x000000070a600000| Untracked 
|  61|0x000000070a800000, 0x000000070a800000, 0x000000070aa00000|  0%| F|  |TAMS 0x000000070a800000, 0x000000070a800000| Untracked 
|  62|0x000000070aa00000, 0x000000070aa00000, 0x000000070ac00000|  0%| F|  |TAMS 0x000000070aa00000, 0x000000070aa00000| Untracked 
|  63|0x000000070ac00000, 0x000000070ac00000, 0x000000070ae00000|  0%| F|  |TAMS 0x000000070ac00000, 0x000000070ac00000| Untracked 
|  64|0x000000070ae00000, 0x000000070ae00000, 0x000000070b000000|  0%| F|  |TAMS 0x000000070ae00000, 0x000000070ae00000| Untracked 
|  65|0x000000070b000000, 0x000000070b000000, 0x000000070b200000|  0%| F|  |TAMS 0x000000070b000000, 0x000000070b000000| Untracked 
|  66|0x000000070b200000, 0x000000070b200000, 0x000000070b400000|  0%| F|  |TAMS 0x000000070b200000, 0x000000070b200000| Untracked 
|  67|0x000000070b400000, 0x000000070b400000, 0x000000070b600000|  0%| F|  |TAMS 0x000000070b400000, 0x000000070b400000| Untracked 
|  68|0x000000070b600000, 0x000000070b600000, 0x000000070b800000|  0%| F|  |TAMS 0x000000070b600000, 0x000000070b600000| Untracked 
|  69|0x000000070b800000, 0x000000070b800000, 0x000000070ba00000|  0%| F|  |TAMS 0x000000070b800000, 0x000000070b800000| Untracked 
|  70|0x000000070ba00000, 0x000000070ba00000, 0x000000070bc00000|  0%| F|  |TAMS 0x000000070ba00000, 0x000000070ba00000| Untracked 
|  71|0x000000070bc00000, 0x000000070bc00000, 0x000000070be00000|  0%| F|  |TAMS 0x000000070bc00000, 0x000000070bc00000| Untracked 
|  86|0x000000070da00000, 0x000000070da00000, 0x000000070dc00000|  0%| F|  |TAMS 0x000000070da00000, 0x000000070da00000| Untracked 
|  87|0x000000070dc00000, 0x000000070dc00000, 0x000000070de00000|  0%| F|  |TAMS 0x000000070dc00000, 0x000000070dc00000| Untracked 
|  88|0x000000070de00000, 0x000000070de00000, 0x000000070e000000|  0%| F|  |TAMS 0x000000070de00000, 0x000000070de00000| Untracked 
| 126|0x0000000712a00000, 0x0000000712ab7818, 0x0000000712c00000| 35%| E|  |TAMS 0x0000000712a00000, 0x0000000712a00000| Complete 

Card table byte_map: [0x0000014db34e0000,0x0000014db3cd0000] _byte_map_base: 0x0000014dafcc9000

Marking Bits (Prev, Next): (CMBitMap*) 0x0000014da83ae030, (CMBitMap*) 0x0000014da83adff0
 Prev Bits: [0x0000014db8410000, 0x0000014dbc358000)
 Next Bits: [0x0000014db44c0000, 0x0000014db8408000)

Polling page: 0x0000014da64b0000

Metaspace:

Usage:
  Non-class:     29.92 MB used.
      Class:      4.72 MB used.
       Both:     34.64 MB used.

Virtual space:
  Non-class space:       64.00 MB reserved,      30.19 MB ( 47%) committed,  1 nodes.
      Class space:        1.00 GB reserved,       5.00 MB ( <1%) committed,  1 nodes.
             Both:        1.06 GB reserved,      35.19 MB (  3%) committed. 

Chunk freelists:
   Non-Class:  1.51 MB
       Class:  11.04 MB
        Both:  12.55 MB

MaxMetaspaceSize: unlimited
CompressedClassSpaceSize: 1.00 GB
Initial GC threshold: 21.00 MB
Current GC threshold: 35.44 MB
CDS: on
MetaspaceReclaimPolicy: balanced
 - commit_granule_bytes: 65536.
 - commit_granule_words: 8192.
 - virtual_space_node_default_size: 8388608.
 - enlarge_chunks_in_place: 1.
 - new_chunks_are_fully_committed: 0.
 - uncommit_free_chunks: 1.
 - use_allocation_guard: 0.
 - handle_deallocations: 1.


Internal statistics:

num_allocs_failed_limit: 6.
num_arena_births: 692.
num_arena_deaths: 0.
num_vsnodes_births: 2.
num_vsnodes_deaths: 0.
num_space_committed: 563.
num_space_uncommitted: 0.
num_chunks_returned_to_freelist: 6.
num_chunks_taken_from_freelist: 1890.
num_chunk_merges: 3.
num_chunk_splits: 1281.
num_chunks_enlarged: 876.
num_purges: 0.
num_inconsistent_stats: 0.

CodeCache: size=49152Kb used=10210Kb max_used=10210Kb free=38941Kb
 bounds [0x0000014dafbe0000, 0x0000014db05e0000, 0x0000014db2be0000]
 total_blobs=5056 nmethods=4505 adapters=475
 compilation: enabled
              stopped_count=0, restarted_count=0
 full_count=0

Compilation events (20 events):
Event: 3.162 Thread 0x0000014e045ceb00 4495   !   1       java.io.ObjectInputStream$BlockDataInputStream::readUTFSpan (502 bytes)
Event: 3.163 Thread 0x0000014e045ceb00 nmethod 4495 0x0000014db05d5490 code [0x0000014db05d56e0, 0x0000014db05d5f68]
Event: 3.168 Thread 0x0000014dbee69a40 4496       1       java.io.ObjectStreamField::setOffset (6 bytes)
Event: 3.168 Thread 0x0000014dbee69a40 nmethod 4496 0x0000014db05d6890 code [0x0000014db05d6a20, 0x0000014db05d6af8]
Event: 3.168 Thread 0x0000014dbee30e90 4497       1       java.io.ObjectStreamClass::lookup (26 bytes)
Event: 3.168 Thread 0x0000014e045ce5f0 4498       1       java.util.HashSet::<init> (17 bytes)
Event: 3.168 Thread 0x0000014dbee30e90 nmethod 4497 0x0000014db05d6b90 code [0x0000014db05d6d40, 0x0000014db05d6eb8]
Event: 3.168 Thread 0x0000014e045ce5f0 nmethod 4498 0x0000014db05d6f90 code [0x0000014db05d7160, 0x0000014db05d7308]
Event: 3.169 Thread 0x0000014dbee30e90 4499       1       java.nio.MappedByteBuffer::limit (6 bytes)
Event: 3.169 Thread 0x0000014dbee30e90 nmethod 4499 0x0000014db05d7410 code [0x0000014db05d75a0, 0x0000014db05d7688]
Event: 3.170 Thread 0x0000014e045ce5f0 4500       1       java.io.ObjectInputStream$HandleTable::lookupException (29 bytes)
Event: 3.170 Thread 0x0000014e045ceb00 4501       1       java.security.Permission::getName (5 bytes)
Event: 3.170 Thread 0x0000014e045ceb00 nmethod 4501 0x0000014db05d7710 code [0x0000014db05d78a0, 0x0000014db05d7978]
Event: 3.170 Thread 0x0000014e045ce5f0 nmethod 4500 0x0000014db05d7a10 code [0x0000014db05d7bc0, 0x0000014db05d7d78]
Event: 3.172 Thread 0x0000014dbee30e90 4502       1       sun.util.logging.internal.LoggingProviderImpl$JULWrapper::toJUL (40 bytes)
Event: 3.172 Thread 0x0000014dbee30e90 nmethod 4502 0x0000014db05d7e90 code [0x0000014db05d8020, 0x0000014db05d8138]
Event: 3.173 Thread 0x0000014e045ceb00 4504       1       jdk.internal.event.DeserializationEvent::shouldCommit (2 bytes)
Event: 3.173 Thread 0x0000014dbee69a40 4503       1       java.io.ObjectInputStream$PeekInputStream::getBytesRead (5 bytes)
Event: 3.174 Thread 0x0000014e045ceb00 nmethod 4504 0x0000014db05d8210 code [0x0000014db05d83a0, 0x0000014db05d8478]
Event: 3.174 Thread 0x0000014dbee69a40 nmethod 4503 0x0000014db05d8510 code [0x0000014db05d86a0, 0x0000014db05d8778]

GC Heap History (16 events):
Event: 0.387 GC heap before
{Heap before GC invocations=0 (full 0):
 garbage-first heap   total 260096K, used 22528K [0x0000000702e00000, 0x0000000800000000)
  region size 2048K, 11 young (22528K), 0 survivors (0K)
 Metaspace       used 6941K, committed 7168K, reserved 1114112K
  class space    used 880K, committed 1024K, reserved 1048576K
}
Event: 0.390 GC heap after
{Heap after GC invocations=1 (full 0):
 garbage-first heap   total 260096K, used 5934K [0x0000000702e00000, 0x0000000800000000)
  region size 2048K, 2 young (4096K), 2 survivors (4096K)
 Metaspace       used 6941K, committed 7168K, reserved 1114112K
  class space    used 880K, committed 1024K, reserved 1048576K
}
Event: 0.632 GC heap before
{Heap before GC invocations=1 (full 0):
 garbage-first heap   total 260096K, used 28462K [0x0000000702e00000, 0x0000000800000000)
  region size 2048K, 14 young (28672K), 2 survivors (4096K)
 Metaspace       used 11072K, committed 11328K, reserved 1114112K
  class space    used 1507K, committed 1664K, reserved 1048576K
}
Event: 0.634 GC heap after
{Heap after GC invocations=2 (full 0):
 garbage-first heap   total 260096K, used 7717K [0x0000000702e00000, 0x0000000800000000)
  region size 2048K, 1 young (2048K), 1 survivors (2048K)
 Metaspace       used 11072K, committed 11328K, reserved 1114112K
  class space    used 1507K, committed 1664K, reserved 1048576K
}
Event: 1.238 GC heap before
{Heap before GC invocations=2 (full 0):
 garbage-first heap   total 260096K, used 81445K [0x0000000702e00000, 0x0000000800000000)
  region size 2048K, 38 young (77824K), 1 survivors (2048K)
 Metaspace       used 21138K, committed 21504K, reserved 1114112K
  class space    used 2896K, committed 3072K, reserved 1048576K
}
Event: 1.243 GC heap after
{Heap after GC invocations=3 (full 0):
 garbage-first heap   total 260096K, used 12036K [0x0000000702e00000, 0x0000000800000000)
  region size 2048K, 3 young (6144K), 3 survivors (6144K)
 Metaspace       used 21138K, committed 21504K, reserved 1114112K
  class space    used 2896K, committed 3072K, reserved 1048576K
}
Event: 1.499 GC heap before
{Heap before GC invocations=4 (full 0):
 garbage-first heap   total 49152K, used 34564K [0x0000000702e00000, 0x0000000800000000)
  region size 2048K, 15 young (30720K), 3 survivors (6144K)
 Metaspace       used 24425K, committed 24832K, reserved 1114112K
  class space    used 3382K, committed 3584K, reserved 1048576K
}
Event: 1.506 GC heap after
{Heap after GC invocations=5 (full 0):
 garbage-first heap   total 49152K, used 14363K [0x0000000702e00000, 0x0000000800000000)
  region size 2048K, 5 young (10240K), 5 survivors (10240K)
 Metaspace       used 24425K, committed 24832K, reserved 1114112K
  class space    used 3382K, committed 3584K, reserved 1048576K
}
Event: 1.773 GC heap before
{Heap before GC invocations=5 (full 0):
 garbage-first heap   total 49152K, used 30747K [0x0000000702e00000, 0x0000000800000000)
  region size 2048K, 13 young (26624K), 5 survivors (10240K)
 Metaspace       used 28208K, committed 28736K, reserved 1114112K
  class space    used 3805K, committed 4032K, reserved 1048576K
}
Event: 1.779 GC heap after
{Heap after GC invocations=6 (full 0):
 garbage-first heap   total 49152K, used 16696K [0x0000000702e00000, 0x0000000800000000)
  region size 2048K, 2 young (4096K), 2 survivors (4096K)
 Metaspace       used 28208K, committed 28736K, reserved 1114112K
  class space    used 3805K, committed 4032K, reserved 1048576K
}
Event: 1.989 GC heap before
{Heap before GC invocations=6 (full 0):
 garbage-first heap   total 49152K, used 31032K [0x0000000702e00000, 0x0000000800000000)
  region size 2048K, 10 young (20480K), 2 survivors (4096K)
 Metaspace       used 28812K, committed 29312K, reserved 1114112K
  class space    used 3901K, committed 4160K, reserved 1048576K
}
Event: 1.991 GC heap after
{Heap after GC invocations=7 (full 0):
 garbage-first heap   total 49152K, used 16764K [0x0000000702e00000, 0x0000000800000000)
  region size 2048K, 2 young (4096K), 2 survivors (4096K)
 Metaspace       used 28812K, committed 29312K, reserved 1114112K
  class space    used 3901K, committed 4160K, reserved 1048576K
}
Event: 2.274 GC heap before
{Heap before GC invocations=7 (full 0):
 garbage-first heap   total 49152K, used 33148K [0x0000000702e00000, 0x0000000800000000)
  region size 2048K, 10 young (20480K), 2 survivors (4096K)
 Metaspace       used 31910K, committed 32448K, reserved 1114112K
  class space    used 4334K, committed 4608K, reserved 1048576K
}
Event: 2.279 GC heap after
{Heap after GC invocations=8 (full 0):
 garbage-first heap   total 155648K, used 17531K [0x0000000702e00000, 0x0000000800000000)
  region size 2048K, 1 young (2048K), 1 survivors (2048K)
 Metaspace       used 31910K, committed 32448K, reserved 1114112K
  class space    used 4334K, committed 4608K, reserved 1048576K
}
Event: 3.156 GC heap before
{Heap before GC invocations=8 (full 0):
 garbage-first heap   total 155648K, used 48251K [0x0000000702e00000, 0x0000000800000000)
  region size 2048K, 17 young (34816K), 1 survivors (2048K)
 Metaspace       used 35464K, committed 35968K, reserved 1114112K
  class space    used 4835K, committed 5120K, reserved 1048576K
}
Event: 3.162 GC heap after
{Heap after GC invocations=9 (full 0):
 garbage-first heap   total 155648K, used 19826K [0x0000000702e00000, 0x0000000800000000)
  region size 2048K, 2 young (4096K), 2 survivors (4096K)
 Metaspace       used 35464K, committed 35968K, reserved 1114112K
  class space    used 4835K, committed 5120K, reserved 1048576K
}

Deoptimization events (12 events):
Event: 0.683 Thread 0x0000014e04946b20 DEOPT PACKING pc=0x0000014db019bef9 sp=0x00000012b2afcac0
Event: 0.683 Thread 0x0000014e04946b20 DEOPT UNPACKING pc=0x0000014dafc32b43 sp=0x00000012b2afbfa0 mode 3
Event: 1.489 Thread 0x0000014e04946b20 DEOPT PACKING pc=0x0000014db03fa025 sp=0x00000012b2afc9d0
Event: 1.489 Thread 0x0000014e04946b20 DEOPT UNPACKING pc=0x0000014dafc32b43 sp=0x00000012b2afbf38 mode 3
Event: 1.972 Thread 0x0000014e04946b20 DEOPT PACKING pc=0x0000014db01a9689 sp=0x00000012b2afdee0
Event: 1.972 Thread 0x0000014e04946b20 DEOPT UNPACKING pc=0x0000014dafc32b43 sp=0x00000012b2afd370 mode 3
Event: 1.972 Thread 0x0000014e059ffa90 DEOPT PACKING pc=0x0000014db012259f sp=0x00000012b30feca0
Event: 1.972 Thread 0x0000014e059ffa90 DEOPT UNPACKING pc=0x0000014dafc32b43 sp=0x00000012b30fe0f8 mode 3
Event: 2.673 Thread 0x0000014e04946b20 DEOPT PACKING pc=0x0000014db019ed62 sp=0x00000012b2afca10
Event: 2.673 Thread 0x0000014e04946b20 DEOPT UNPACKING pc=0x0000014dafc32b43 sp=0x00000012b2afbf18 mode 3
Event: 2.673 Thread 0x0000014e04946b20 DEOPT PACKING pc=0x0000014db0188365 sp=0x00000012b2afc9d0
Event: 2.673 Thread 0x0000014e04946b20 DEOPT UNPACKING pc=0x0000014dafc32b43 sp=0x00000012b2afbf18 mode 3

Classes unloaded (0 events):
No events

Classes redefined (0 events):
No events

Internal exceptions (20 events):
Event: 1.600 Thread 0x0000014e0537f660 Exception <a 'java/lang/reflect/InvocationTargetException'{0x00000007054584a8}> (0x00000007054584a8) 
thrown [s\open\src\hotspot\share\runtime\reflection.cpp, line 1121]
Event: 1.601 Thread 0x0000014e04946b20 Exception <a 'sun/nio/fs/WindowsException'{0x00000007054dec60}> (0x00000007054dec60) 
thrown [s\open\src\hotspot\share\prims\jni.cpp, line 516]
Event: 1.601 Thread 0x0000014e04946b20 Exception <a 'sun/nio/fs/WindowsException'{0x00000007054df338}> (0x00000007054df338) 
thrown [s\open\src\hotspot\share\prims\jni.cpp, line 516]
Event: 1.643 Thread 0x0000014e04946b20 Exception <a 'java/lang/NoSuchMethodError'{0x00000007055ecb38}: 'java.lang.Object java.lang.invoke.DirectMethodHandle$Holder.invokeSpecial(java.lang.Object, java.lang.Object, long, java.lang.Object, java.lang.Object, java.lang.Object, java.lang.Object, java.lang.Object, java.lang.Object)'> (0x00000007055ecb38) 
thrown [s\open\src\hotspot\share\interpreter\linkResolver.cpp, line 759]
Event: 1.644 Thread 0x0000014e04946b20 Exception <a 'java/lang/NoSuchMethodError'{0x00000007055f1660}: 'java.lang.Object java.lang.invoke.DelegatingMethodHandle$Holder.reinvoke_L(java.lang.Object, long, java.lang.Object, java.lang.Object, java.lang.Object, java.lang.Object, java.lang.Object, java.lang.Object)'> (0x00000007055f1660) 
thrown [s\open\src\hotspot\share\interpreter\linkResolver.cpp, line 759]
Event: 1.698 Thread 0x0000014e04946b20 Exception <a 'java/io/FileNotFoundException'{0x00000007053f7da8}> (0x00000007053f7da8) 
thrown [s\open\src\hotspot\share\prims\jni.cpp, line 516]
Event: 1.698 Thread 0x0000014e04946b20 Exception <a 'java/io/FileNotFoundException'{0x00000007053f9240}> (0x00000007053f9240) 
thrown [s\open\src\hotspot\share\prims\jni.cpp, line 516]
Event: 1.899 Thread 0x0000014e04946b20 Exception <a 'java/lang/NoSuchMethodError'{0x00000007050779f0}: 'int java.lang.invoke.DirectMethodHandle$Holder.invokeInterface(java.lang.Object, java.lang.Object, java.lang.Object, java.lang.Object)'> (0x00000007050779f0) 
thrown [s\open\src\hotspot\share\interpreter\linkResolver.cpp, line 759]
Event: 1.946 Thread 0x0000014e04946b20 Exception <a 'java/lang/NoSuchMethodError'{0x0000000704e65618}: 'long java.lang.invoke.DirectMethodHandle$Holder.invokeVirtual(java.lang.Object, java.lang.Object)'> (0x0000000704e65618) 
thrown [s\open\src\hotspot\share\interpreter\linkResolver.cpp, line 759]
Event: 2.111 Thread 0x0000014e0537f660 Exception <a 'java/lang/reflect/InvocationTargetException'{0x000000070ddd4498}> (0x000000070ddd4498) 
thrown [s\open\src\hotspot\share\runtime\reflection.cpp, line 1121]
Event: 2.200 Thread 0x0000014e04946b20 Exception <a 'java/lang/NoSuchMethodError'{0x000000070510c260}: 'int java.lang.invoke.Invokers$Holder.invokeExact_MT(java.lang.Object, java.lang.Object, java.lang.Object)'> (0x000000070510c260) 
thrown [s\open\src\hotspot\share\interpreter\linkResolver.cpp, line 759]
Event: 2.398 Thread 0x0000014e04946b20 Exception <a 'java/lang/IncompatibleClassChangeError'{0x000000070dd6df80}: Found class java.lang.Object, but interface was expected> (0x000000070dd6df80) 
thrown [s\open\src\hotspot\share\interpreter\linkResolver.cpp, line 826]
Event: 2.417 Thread 0x0000014e04946b20 Exception <a 'java/lang/NoSuchMethodError'{0x000000070db24840}: 'void java.lang.invoke.DirectMethodHandle$Holder.invokeVirtual(java.lang.Object, java.lang.Object, long)'> (0x000000070db24840) 
thrown [s\open\src\hotspot\share\interpreter\linkResolver.cpp, line 759]
Event: 2.605 Thread 0x0000014e04946b20 Exception <a 'java/lang/IncompatibleClassChangeError'{0x000000070b980a18}: Found class java.lang.Object, but interface was expected> (0x000000070b980a18) 
thrown [s\open\src\hotspot\share\interpreter\linkResolver.cpp, line 826]
Event: 2.620 Thread 0x0000014e0537f660 Exception <a 'java/lang/reflect/InvocationTargetException'{0x000000070b709bb8}> (0x000000070b709bb8) 
thrown [s\open\src\hotspot\share\runtime\reflection.cpp, line 1121]
Event: 2.652 Thread 0x0000014e04946b20 Exception <a 'java/lang/NoSuchMethodError'{0x000000070b6f3da0}: 'int java.lang.invoke.DirectMethodHandle$Holder.invokeStaticInit(java.lang.Object, java.lang.Object, java.lang.Object, java.lang.Object)'> (0x000000070b6f3da0) 
thrown [s\open\src\hotspot\share\interpreter\linkResolver.cpp, line 759]
Event: 2.862 Thread 0x0000014e04946b20 Exception <a 'java/lang/NoSuchMethodError'{0x000000070ac689a0}: 'java.lang.Object java.lang.invoke.DirectMethodHandle$Holder.newInvokeSpecial(java.lang.Object, java.lang.Object, int, java.lang.Object, java.lang.Object)'> (0x000000070ac689a0) 
thrown [s\open\src\hotspot\share\interpreter\linkResolver.cpp, line 759]
Event: 2.863 Thread 0x0000014e04946b20 Exception <a 'java/lang/NoSuchMethodError'{0x000000070ac74018}: 'java.lang.Object java.lang.invoke.DirectMethodHandle$Holder.invokeSpecial(java.lang.Object, java.lang.Object, int, java.lang.Object, int, java.lang.Object)'> (0x000000070ac74018) 
thrown [s\open\src\hotspot\share\interpreter\linkResolver.cpp, line 759]
Event: 2.864 Thread 0x0000014e04946b20 Exception <a 'java/lang/NoSuchMethodError'{0x000000070ac7c0c8}: 'java.lang.Object java.lang.invoke.DirectMethodHandle$Holder.newInvokeSpecial(java.lang.Object, java.lang.Object, int, java.lang.Object, int)'> (0x000000070ac7c0c8) 
thrown [s\open\src\hotspot\share\interpreter\linkResolver.cpp, line 759]
Event: 2.864 Thread 0x0000014e04946b20 Exception <a 'java/lang/NoSuchMethodError'{0x000000070ac801c8}: 'java.lang.Object java.lang.invoke.DirectMethodHandle$Holder.invokeSpecial(java.lang.Object, java.lang.Object, java.lang.Object, int, java.lang.Object, int)'> (0x000000070ac801c8) 
thrown [s\open\src\hotspot\share\interpreter\linkResolver.cpp, line 759]

VM Operations (20 events):
Event: 1.918 Executing VM operation: HandshakeAllThreads
Event: 1.918 Executing VM operation: HandshakeAllThreads done
Event: 1.918 Executing VM operation: HandshakeAllThreads
Event: 1.918 Executing VM operation: HandshakeAllThreads done
Event: 1.963 Executing VM operation: HandshakeAllThreads
Event: 1.963 Executing VM operation: HandshakeAllThreads done
Event: 1.988 Executing VM operation: G1CollectForAllocation
Event: 1.991 Executing VM operation: G1CollectForAllocation done
Event: 2.274 Executing VM operation: G1CollectForAllocation
Event: 2.279 Executing VM operation: G1CollectForAllocation done
Event: 2.315 Executing VM operation: HandshakeAllThreads
Event: 2.315 Executing VM operation: HandshakeAllThreads done
Event: 2.347 Executing VM operation: HandshakeAllThreads
Event: 2.347 Executing VM operation: HandshakeAllThreads done
Event: 2.444 Executing VM operation: HandshakeAllThreads
Event: 2.444 Executing VM operation: HandshakeAllThreads done
Event: 2.445 Executing VM operation: HandshakeAllThreads
Event: 2.445 Executing VM operation: HandshakeAllThreads done
Event: 3.156 Executing VM operation: CollectForMetadataAllocation
Event: 3.162 Executing VM operation: CollectForMetadataAllocation done

Events (20 events):
Event: 3.127 loading class sun/reflect/misc/MethodUtil done
Event: 3.127 loading class sun/reflect/misc/MethodUtil$1
Event: 3.127 loading class sun/reflect/misc/MethodUtil$1 done
Event: 3.128 loading class java/security/AllPermissionCollection
Event: 3.128 loading class java/security/AllPermissionCollection done
Event: 3.130 Thread 0x0000014e05c28ae0 Thread exited: 0x0000014e05c28ae0
Event: 3.148 Thread 0x0000014e05c29950 Thread added: 0x0000014e05c29950
Event: 3.150 Thread 0x0000014e05c22f70 Thread added: 0x0000014e05c22f70
Event: 3.155 loading class javax/management/remote/rmi/RMIConnectionImpl$6
Event: 3.155 loading class javax/management/remote/rmi/RMIConnectionImpl$6 done
Event: 3.155 loading class javax/management/remote/rmi/RMIConnectionImpl$7
Event: 3.155 loading class javax/management/remote/rmi/RMIConnectionImpl$7 done
Event: 3.155 loading class com/sun/jmx/remote/util/OrderClassLoaders
Event: 3.162 loading class com/sun/jmx/remote/util/OrderClassLoaders done
Event: 3.162 loading class javax/management/remote/rmi/RMIConnectionImpl$SetCcl
Event: 3.162 loading class javax/management/remote/rmi/RMIConnectionImpl$SetCcl done
Event: 3.162 loading class java/rmi/MarshalledObject$MarshalledObjectInputStream
Event: 3.162 loading class java/rmi/MarshalledObject$MarshalledObjectInputStream done
Event: 3.164 Thread 0x0000014e05c22f70 Thread exited: 0x0000014e05c22f70
Event: 3.166 Thread 0x0000014e05c26930 Thread added: 0x0000014e05c26930


Dynamic libraries:
0x00007ff7ce700000 - 0x00007ff7ce710000 	C:\Program Files\Java\jdk-17\bin\java.exe
0x00007ffbfd010000 - 0x00007ffbfd207000 	C:\WINDOWS\SYSTEM32\ntdll.dll
0x00007ffbfb460000 - 0x00007ffbfb51d000 	C:\WINDOWS\System32\KERNEL32.DLL
0x00007ffbfa920000 - 0x00007ffbfac16000 	C:\WINDOWS\System32\KERNELBASE.dll
0x00007ffbfacc0000 - 0x00007ffbfadc0000 	C:\WINDOWS\System32\ucrtbase.dll
0x00007ffbdf1a0000 - 0x00007ffbdf1bb000 	C:\Program Files\Java\jdk-17\bin\VCRUNTIME140.dll
0x00007ffbdf180000 - 0x00007ffbdf199000 	C:\Program Files\Java\jdk-17\bin\jli.dll
0x00007ffbfb2b0000 - 0x00007ffbfb35e000 	C:\WINDOWS\System32\ADVAPI32.dll
0x00007ffbfc070000 - 0x00007ffbfc10e000 	C:\WINDOWS\System32\msvcrt.dll
0x00007ffbfb600000 - 0x00007ffbfb69c000 	C:\WINDOWS\System32\sechost.dll
0x00007ffbfba10000 - 0x00007ffbfbb36000 	C:\WINDOWS\System32\RPCRT4.dll
0x00007ffbfbba0000 - 0x00007ffbfbd3e000 	C:\WINDOWS\System32\USER32.dll
0x00007ffbfac20000 - 0x00007ffbfac42000 	C:\WINDOWS\System32\win32u.dll
0x00007ffbe1cc0000 - 0x00007ffbe1f5a000 	C:\WINDOWS\WinSxS\amd64_microsoft.windows.common-controls_6595b64144ccf1df_6.0.19041.3570_none_60bb2a3971f3e41a\COMCTL32.dll
0x00007ffbfb5d0000 - 0x00007ffbfb5fc000 	C:\WINDOWS\System32\GDI32.dll
0x00007ffbfadc0000 - 0x00007ffbfaeda000 	C:\WINDOWS\System32\gdi32full.dll
0x00007ffbfa850000 - 0x00007ffbfa8ed000 	C:\WINDOWS\System32\msvcp_win.dll
0x00007ffbf29c0000 - 0x00007ffbf29ca000 	C:\WINDOWS\SYSTEM32\VERSION.dll
0x00007ffbfc040000 - 0x00007ffbfc070000 	C:\WINDOWS\System32\IMM32.DLL
0x00007ffbe0920000 - 0x00007ffbe092c000 	C:\Program Files\Java\jdk-17\bin\vcruntime140_1.dll
0x00007ffbdf0f0000 - 0x00007ffbdf17e000 	C:\Program Files\Java\jdk-17\bin\msvcp140.dll
0x00007ffb545e0000 - 0x00007ffb551be000 	C:\Program Files\Java\jdk-17\bin\server\jvm.dll
0x00007ffbfb6a0000 - 0x00007ffbfb6a8000 	C:\WINDOWS\System32\PSAPI.DLL
0x00007ffbec370000 - 0x00007ffbec379000 	C:\WINDOWS\SYSTEM32\WSOCK32.dll
0x00007ffbe08c0000 - 0x00007ffbe08e7000 	C:\WINDOWS\SYSTEM32\WINMM.dll
0x00007ffbfbd40000 - 0x00007ffbfbdab000 	C:\WINDOWS\System32\WS2_32.dll
0x00007ffbf8590000 - 0x00007ffbf85a2000 	C:\WINDOWS\SYSTEM32\kernel.appcore.dll
0x00007ffbdfe80000 - 0x00007ffbdfe8a000 	C:\Program Files\Java\jdk-17\bin\jimage.dll
0x00007ffbf7cb0000 - 0x00007ffbf7e94000 	C:\WINDOWS\SYSTEM32\DBGHELP.DLL
0x00007ffbdf1e0000 - 0x00007ffbdf214000 	C:\WINDOWS\SYSTEM32\dbgcore.DLL
0x00007ffbfafe0000 - 0x00007ffbfb062000 	C:\WINDOWS\System32\bcryptPrimitives.dll
0x00007ffbd2680000 - 0x00007ffbd268e000 	C:\Program Files\Java\jdk-17\bin\instrument.dll
0x00007ffbdf0c0000 - 0x00007ffbdf0e5000 	C:\Program Files\Java\jdk-17\bin\java.dll
0x00007ffbc1d60000 - 0x00007ffbc1e37000 	C:\Program Files\Java\jdk-17\bin\jsvml.dll
0x00007ffbfc350000 - 0x00007ffbfca94000 	C:\WINDOWS\System32\SHELL32.dll
0x00007ffbf8790000 - 0x00007ffbf8f2b000 	C:\WINDOWS\SYSTEM32\windows.storage.dll
0x00007ffbfb6b0000 - 0x00007ffbfba04000 	C:\WINDOWS\System32\combase.dll
0x00007ffbfa130000 - 0x00007ffbfa15d000 	C:\WINDOWS\SYSTEM32\Wldp.dll
0x00007ffbfb520000 - 0x00007ffbfb5cd000 	C:\WINDOWS\System32\SHCORE.dll
0x00007ffbfcaa0000 - 0x00007ffbfcaf5000 	C:\WINDOWS\System32\shlwapi.dll
0x00007ffbfa620000 - 0x00007ffbfa645000 	C:\WINDOWS\SYSTEM32\profapi.dll
0x00007ffbdcc00000 - 0x00007ffbdcc18000 	C:\Program Files\Java\jdk-17\bin\zip.dll
0x00007ffbdf0a0000 - 0x00007ffbdf0b9000 	C:\Program Files\Java\jdk-17\bin\net.dll
0x00007ffbf3bc0000 - 0x00007ffbf3cca000 	C:\WINDOWS\SYSTEM32\WINHTTP.dll
0x00007ffbf9e90000 - 0x00007ffbf9efa000 	C:\WINDOWS\system32\mswsock.dll
0x00007ffbdf080000 - 0x00007ffbdf096000 	C:\Program Files\Java\jdk-17\bin\nio.dll
0x00007ffbd5bc0000 - 0x00007ffbd5bda000 	C:\Program Files\JetBrains\IntelliJ IDEA 2023.2.5\bin\breakgen64.dll
0x00007ffbf9b80000 - 0x00007ffbf9c4a000 	C:\WINDOWS\SYSTEM32\DNSAPI.dll
0x00007ffbf9b30000 - 0x00007ffbf9b6b000 	C:\WINDOWS\SYSTEM32\IPHLPAPI.DLL
0x00007ffbfbdb0000 - 0x00007ffbfbdb8000 	C:\WINDOWS\System32\NSI.dll
0x00007ffbf0670000 - 0x00007ffbf067a000 	C:\Windows\System32\rasadhlp.dll
0x00007ffbeb760000 - 0x00007ffbeb7e2000 	C:\WINDOWS\System32\fwpuclnt.dll
0x00007ffbfa8f0000 - 0x00007ffbfa917000 	C:\WINDOWS\System32\bcrypt.dll
0x00007ffbd2670000 - 0x00007ffbd267a000 	C:\Program Files\Java\jdk-17\bin\management.dll
0x00007ffbd0bb0000 - 0x00007ffbd0bbb000 	C:\Program Files\Java\jdk-17\bin\management_ext.dll
0x00007ffbfa090000 - 0x00007ffbfa0a8000 	C:\WINDOWS\SYSTEM32\CRYPTSP.dll
0x00007ffbf9730000 - 0x00007ffbf9764000 	C:\WINDOWS\system32\rsaenh.dll
0x00007ffbfa5e0000 - 0x00007ffbfa60e000 	C:\WINDOWS\SYSTEM32\USERENV.dll
0x00007ffbfa080000 - 0x00007ffbfa08c000 	C:\WINDOWS\SYSTEM32\CRYPTBASE.dll
0x00007ffbf36f0000 - 0x00007ffbf3707000 	C:\WINDOWS\SYSTEM32\dhcpcsvc6.DLL
0x00007ffbf36d0000 - 0x00007ffbf36ed000 	C:\WINDOWS\SYSTEM32\dhcpcsvc.DLL
0x00007ffbd1260000 - 0x00007ffbd1277000 	C:\WINDOWS\system32\napinsp.dll
0x00007ffbd1240000 - 0x00007ffbd125b000 	C:\WINDOWS\system32\pnrpnsp.dll
0x00007ffbf36b0000 - 0x00007ffbf36c5000 	C:\WINDOWS\system32\wshbth.dll
0x00007ffbf6ff0000 - 0x00007ffbf700d000 	C:\WINDOWS\system32\NLAapi.dll
0x00007ffbd11e0000 - 0x00007ffbd11f2000 	C:\WINDOWS\System32\winrnr.dll
0x00007ffbcf1b0000 - 0x00007ffbcf1be000 	C:\Program Files\Java\jdk-17\bin\sunmscapi.dll
0x00007ffbfa6f0000 - 0x00007ffbfa84d000 	C:\WINDOWS\System32\CRYPT32.dll
0x00007ffbfa1a0000 - 0x00007ffbfa1c7000 	C:\WINDOWS\SYSTEM32\ncrypt.dll
0x00007ffbfa160000 - 0x00007ffbfa19b000 	C:\WINDOWS\SYSTEM32\NTASN1.dll
0x00007ffbd0030000 - 0x00007ffbd0037000 	C:\WINDOWS\system32\wshunix.dll

dbghelp: loaded successfully - version: 4.0.5 - missing functions: none
symbol engine: initialized successfully - sym options: 0x614 - pdb path: .;C:\Program Files\Java\jdk-17\bin;C:\WINDOWS\SYSTEM32;C:\WINDOWS\WinSxS\amd64_microsoft.windows.common-controls_6595b64144ccf1df_6.0.19041.3570_none_60bb2a3971f3e41a;C:\Program Files\Java\jdk-17\bin\server;C:\Program Files\JetBrains\IntelliJ IDEA 2023.2.5\bin

VM Arguments:
jvm_args: -XX:TieredStopAtLevel=1 -Dspring.output.ansi.enabled=always -Dcom.sun.management.jmxremote -Dspring.jmx.enabled=true -Dspring.liveBeansView.mbeanDomain -Dspring.application.admin.enabled=true -Dmanagement.endpoints.jmx.exposure.include=* -javaagent:C:\Program Files\JetBrains\IntelliJ IDEA 2023.2.5\lib\idea_rt.jar=59095:C:\Program Files\JetBrains\IntelliJ IDEA 2023.2.5\bin -Dfile.encoding=UTF-8 
java_command: com.example.taba.TabaApplication
java_class_path (initial): C:\Users\Admin\IdeaProjects\taba\build\classes\java\main;C:\Users\Admin\IdeaProjects\taba\build\resources\main;C:\Users\Admin\IdeaProjects\taba\libs\tibero6-jdbc.jar;C:\Users\Admin\.gradle\caches\modules-2\files-2.1\org.springframework.boot\spring-boot-configuration-processor\3.1.3\eb2d30fe86b3e7ebd4307b4a117e11962696195b\spring-boot-configuration-processor-3.1.3.jar;C:\Users\Admin\.gradle\caches\modules-2\files-2.1\org.projectlombok\lombok\1.18.28\a2ff5da8bcd8b1b26f36b806ced63213362c6dcc\lombok-1.18.28.jar;C:\Users\Admin\.gradle\caches\modules-2\files-2.1\org.springframework.boot\spring-boot-starter-web\3.1.3\d4326db157b4cf73647ae69b588de0dc65cb702\spring-boot-starter-web-3.1.3.jar;C:\Users\Admin\.gradle\caches\modules-2\files-2.1\org.mybatis.spring.boot\mybatis-spring-boot-starter\3.0.0\a111b1f4573256fd5511def95bb5a426b9c93a4c\mybatis-spring-boot-starter-3.0.0.jar;C:\Users\Admin\.gradle\caches\modules-2\files-2.1\org.apache.tomcat.embed\tomcat-embed-jasper\10.1.12\1a333d6461e47cf4c0784fd04a4b417a4be128f9\tomcat-embed-jasper-10.1.12.jar;C:\Users\Admin\.gradle\caches\modules-2\files-2.1\javax.servlet\jstl\1.2\74aca283cd4f4b4f3e425f5820cda58f44409547\jstl-1.2.jar;C:\Users\Admin\.gradle\caches\modules-2\files-2.1\org.glassfish.web\jakarta.servlet.jsp.jstl\2.0.0\377ec3878354cb2c1f96f99031728773c8e2603b\jakarta.servlet.jsp.jstl-2.0.0.jar;C:\Users\Admin\.gradle\caches\modules-2\files-2.1\com.google.maps\google-maps-services\0.9.3\e2f0bc5cc7aa8d6a1d39150165336903d8b231fc\google-maps-services-0.9.3.jar;C:\Users\Admin\.gradle\caches\modules-2\files-2.1\com.google.code.gson\gson\2.9.0\8a1167e089096758b49f9b34066ef98b2f4b37aa\gson-2.9.0.jar;C:\Users\Admin\.gradle\caches\modules-2\files-2.1\com.googlecode.json-simple\json-simple\1.1.1\c9ad4a0850ab676c5c64461a05ca524cdfff59f1\json-simple-1.1.1.jar;C:\Users\Admin\.gradle\caches\modules-2\files-2.1\org.apache.commons\commons-lang3\3.12.0\c6842c86792ff03b9f1d1fe2aab8dc23aa6c6f0e\commons-lang3-3.12.0.ja
Launcher Type: SUN_STANDARD

[Global flags]
     intx CICompilerCount                          = 4                                         {product} {ergonomic}
     uint ConcGCThreads                            = 2                                         {product} {ergonomic}
     uint G1ConcRefinementThreads                  = 8                                         {product} {ergonomic}
   size_t G1HeapRegionSize                         = 2097152                                   {product} {ergonomic}
    uintx GCDrainStackTargetSize                   = 64                                        {product} {ergonomic}
   size_t InitialHeapSize                          = 266338304                                 {product} {ergonomic}
     bool ManagementServer                         = true                                      {product} {command line}
   size_t MarkStackSize                            = 4194304                                   {product} {ergonomic}
   size_t MaxHeapSize                              = 4246732800                                {product} {ergonomic}
   size_t MaxNewSize                               = 2548039680                                {product} {ergonomic}
   size_t MinHeapDeltaBytes                        = 2097152                                   {product} {ergonomic}
   size_t MinHeapSize                              = 8388608                                   {product} {ergonomic}
    uintx NonProfiledCodeHeapSize                  = 0                                      {pd product} {ergonomic}
     bool ProfileInterpreter                       = false                                  {pd product} {command line}
    uintx ProfiledCodeHeapSize                     = 0                                      {pd product} {ergonomic}
   size_t SoftMaxHeapSize                          = 4246732800                             {manageable} {ergonomic}
     intx TieredStopAtLevel                        = 1                                         {product} {command line}
     bool UseCompressedClassPointers               = true                           {product lp64_product} {ergonomic}
     bool UseCompressedOops                        = true                           {product lp64_product} {ergonomic}
     bool UseG1GC                                  = true                                      {product} {ergonomic}
     bool UseLargePagesIndividualAllocation        = false                                  {pd product} {ergonomic}

Logging:
Log output configuration:
 #0: stdout all=warning uptime,level,tags
 #1: stderr all=off uptime,level,tags

Environment Variables:
PATH=C:\Program Files (x86)\Common Files\Oracle\Java\javapath;C:\Program Files\Common Files\Oracle\Java\javapath;C:\WINDOWS\system32;C:\WINDOWS;C:\WINDOWS\System32\Wbem;C:\WINDOWS\System32\WindowsPowerShell\v1.0\;C:\WINDOWS\System32\OpenSSH\;C:\Program Files (x86)\NVIDIA Corporation\PhysX\Common;C:\Program Files\NVIDIA Corporation\NVIDIA NvDLISR;C:\Program Files\Java\jdk-17\bin;C:\Program Files\PuTTY\;C:\MinGW\bin;C:\Program Files\nodejs\;C:\Program Files\Bandizip\;C:\Program Files\Git\cmd;C:\TmaxData\tibero6\bin;C:\TmaxData\tibero6\client\bin;C:\Users\Admin\AppData\Local\Microsoft\WindowsApps;;C:\Users\Admin\AppData\Local\Programs\Microsoft VS Code\bin;C:\Users\Admin\AppData\Roaming\npm;C:\Program Files\JetBrains\PyCharm 2023.2.3\bin;;C:\Program Files\JetBrains\IntelliJ IDEA 2023.2.5\bin;
USERNAME=Admin
OS=Windows_NT
PROCESSOR_IDENTIFIER=Intel64 Family 6 Model 142 Stepping 12, GenuineIntel



---------------  S Y S T E M  ---------------

OS:
 Windows 10 , 64 bit Build 19041 (10.0.19041.3570)
OS uptime: 0 days 2:02 hours

CPU: total 8 (initial active 8) (4 cores per cpu, 2 threads per core) family 6 model 142 stepping 12 microcode 0xca, cx8, cmov, fxsr, ht, mmx, 3dnowpref, sse, sse2, sse3, ssse3, sse4.1, sse4.2, popcnt, lzcnt, tsc, tscinvbit, avx, avx2, aes, erms, clmul, bmi1, bmi2, adx, fma, vzeroupper, clflush, clflushopt

Memory: 4k page, system-wide physical 16197M (5673M free)
TotalPageFile size 23109M (AvailPageFile size 9431M)
current process WorkingSet (physical memory assigned to process): 168M, peak: 168M
current process commit charge ("private bytes"): 298M, peak: 378M

vm_info: Java HotSpot(TM) 64-Bit Server VM (17.0.8+9-LTS-211) for windows-amd64 JRE (17.0.8+9-LTS-211), built on Jun 14 2023 10:34:31 by "mach5one" with MS VC++ 17.1 (VS2022)

END.
